<?xml version="1.0" encoding="UTF-8"?>
<testng-results skipped="0" failed="0" ignored="0" total="2" passed="2">
  <reporter-output>
  </reporter-output>
  <suite name="Default suite" duration-ms="38738" started-at="2022-05-30T10:26:32 IST" finished-at="2022-05-30T10:27:11 IST">
    <groups>
      <group name="cucumber">
        <method signature="AbstractTestNGCucumberTests.runScenario(io.cucumber.testng.PickleWrapper,io.cucumber.testng.FeatureWrapper)[pri:0, instance:bddProj.runner.CucumberRunnerTest@5579bb86]" name="runScenario" class="io.cucumber.testng.AbstractTestNGCucumberTests"/>
      </group> <!-- cucumber -->
    </groups>
    <test name="Default test" duration-ms="38738" started-at="2022-05-30T10:26:32 IST" finished-at="2022-05-30T10:27:11 IST">
      <class name="bddProj.runner.CucumberRunnerTest">
        <test-method status="PASS" signature="setUpClass(org.testng.ITestContext)[pri:0, instance:bddProj.runner.CucumberRunnerTest@5579bb86]" name="setUpClass" is-config="true" duration-ms="465" started-at="2022-05-30T10:26:32 IST" finished-at="2022-05-30T10:26:32 IST">
          <params>
            <param index="0">
              <value>
                <![CDATA[org.testng.TestRunner@469a7575]]>
              </value>
            </param>
          </params>
          <reporter-output>
          </reporter-output>
        </test-method> <!-- setUpClass -->
        <test-method status="PASS" signature="runScenario(io.cucumber.testng.PickleWrapper,io.cucumber.testng.FeatureWrapper)[pri:0, instance:bddProj.runner.CucumberRunnerTest@5579bb86]" name="runScenario" duration-ms="22712" started-at="2022-05-30T10:26:32 IST" description="Runs Cucumber Scenarios" data-provider="scenarios" finished-at="2022-05-30T10:26:55 IST">
          <params>
            <param index="0">
              <value>
                <![CDATA["Login with valid credentials"]]>
              </value>
            </param>
            <param index="1">
              <value>
                <![CDATA["Login to HRM Application"]]>
              </value>
            </param>
          </params>
          <reporter-output>
          </reporter-output>
        </test-method> <!-- runScenario -->
        <test-method status="PASS" signature="runScenario(io.cucumber.testng.PickleWrapper,io.cucumber.testng.FeatureWrapper)[pri:0, instance:bddProj.runner.CucumberRunnerTest@5579bb86]" name="runScenario" duration-ms="15459" started-at="2022-05-30T10:26:55 IST" description="Runs Cucumber Scenarios" data-provider="scenarios" finished-at="2022-05-30T10:27:11 IST">
          <params>
            <param index="0">
              <value>
                <![CDATA["Login with Invalid credentials"]]>
              </value>
            </param>
            <param index="1">
              <value>
                <![CDATA["Login to HRM Application"]]>
              </value>
            </param>
          </params>
          <reporter-output>
          </reporter-output>
        </test-method> <!-- runScenario -->
        <test-method status="PASS" signature="tearDownClass()[pri:0, instance:bddProj.runner.CucumberRunnerTest@5579bb86]" name="tearDownClass" is-config="true" duration-ms="24" started-at="2022-05-30T10:27:11 IST" finished-at="2022-05-30T10:27:11 IST">
          <reporter-output>
          </reporter-output>
        </test-method> <!-- tearDownClass -->
      </class> <!-- bddProj.runner.CucumberRunnerTest -->
    </test> <!-- Default test -->
  </suite> <!-- Default suite -->
</testng-results>
